<?xml version="1.0" encoding="UTF-8"?>
<!-- Generated by org.testng.reporters.JUnitReportReporter -->
<testsuite skipped="0" hostname="DESKTOP-5DP82P4" name="testCases.TC_LoginTest_001" tests="1" failures="0" timestamp="19 Nov 2019 14:02:59 GMT" time="16.084" errors="0">
  <testcase name="logintest" time="16.084" classname="testCases.TC_LoginTest_001"/>
</testsuite> <!-- testCases.TC_LoginTest_001 -->
